[ 2015-09-26T17:38:17+08:00 ] 127.0.0.1 /Admin/Login/login.html
INFO: [ app_init ] --START--
INFO: Run Behavior\BuildLiteBehavior [ RunTime:0.000047s ]
INFO: [ app_init ] --END-- [ RunTime:0.000677s ]
INFO: [ app_begin ] --START--
INFO: Run Behavior\ReadHtmlCacheBehavior [ RunTime:0.000592s ]
INFO: [ app_begin ] --END-- [ RunTime:0.000707s ]
INFO: [ view_parse ] --START--
INFO: [ template_filter ] --START--
INFO: Run Behavior\ContentReplaceBehavior [ RunTime:0.000066s ]
INFO: [ template_filter ] --END-- [ RunTime:0.000189s ]
INFO: Run Behavior\ParseTemplateBehavior [ RunTime:0.007332s ]
INFO: [ view_parse ] --END-- [ RunTime:0.007633s ]
INFO: [ view_filter ] --START--
INFO: Run Behavior\WriteHtmlCacheBehavior [ RunTime:0.000801s ]
INFO: [ view_filter ] --END-- [ RunTime:0.000963s ]
INFO: [ app_end ] --START--
INFO: Run Behavior\ShowPageTraceBehavior [ RunTime:0.000619s ]
INFO: [ app_end ] --END-- [ RunTime:0.000732s ]

[ 2015-09-26T17:38:17+08:00 ] 127.0.0.1 /Admin/Login/verify.html
INFO: [ app_init ] --START--
INFO: Run Behavior\BuildLiteBehavior [ RunTime:0.000053s ]
INFO: [ app_init ] --END-- [ RunTime:0.001065s ]
INFO: [ app_begin ] --START--
INFO: Run Behavior\ReadHtmlCacheBehavior [ RunTime:0.001474s ]
INFO: [ app_begin ] --END-- [ RunTime:0.001763s ]
INFO: [ app_end ] --START--
INFO: Run Behavior\ShowPageTraceBehavior [ RunTime:0.000677s ]
INFO: [ app_end ] --END-- [ RunTime:0.000806s ]

[ 2015-09-26T17:38:23+08:00 ] 127.0.0.1 /Admin/Login/doLogin.html
INFO: [ app_init ] --START--
INFO: Run Behavior\BuildLiteBehavior [ RunTime:0.000034s ]
INFO: [ app_init ] --END-- [ RunTime:0.000497s ]
INFO: [ app_begin ] --START--
INFO: Run Behavior\ReadHtmlCacheBehavior [ RunTime:0.000662s ]
INFO: [ app_begin ] --END-- [ RunTime:0.000800s ]
NOTIC: [2] Missing argument 1 for I(), called in F:\TestWeb\BlogCodes\Application\Admin\Controller\LoginController.class.php on line 23 and defined F:\TestWeb\BlogCodes\ThinkPHP\Common\functions.php 第 271 行.
NOTIC: [8] Undefined variable: name F:\TestWeb\BlogCodes\ThinkPHP\Common\functions.php 第 273 行.
NOTIC: [8] Undefined variable: name F:\TestWeb\BlogCodes\ThinkPHP\Common\functions.php 第 278 行.
NOTIC: [8] Undefined variable: name F:\TestWeb\BlogCodes\ThinkPHP\Common\functions.php 第 339 行.
SQL: SHOW COLUMNS FROM `blog_admin` [ RunTime:0.0063s ]
SQL: SELECT * FROM `blog_admin` WHERE `username` = 'admin' LIMIT 1   [ RunTime:0.0005s ]
SQL: UPDATE `blog_admin` SET `username`='admin',`logt`='2015/09/26 17:38',`loginip`='127.0.0.1' WHERE `id` = 1 [ RunTime:0.0125s ]

[ 2015-09-26T17:38:23+08:00 ] 127.0.0.1 /Admin/Index/index.html
INFO: [ app_init ] --START--
INFO: Run Behavior\BuildLiteBehavior [ RunTime:0.000025s ]
INFO: [ app_init ] --END-- [ RunTime:0.000452s ]
INFO: [ app_begin ] --START--
INFO: Run Behavior\ReadHtmlCacheBehavior [ RunTime:0.000620s ]
INFO: [ app_begin ] --END-- [ RunTime:0.000747s ]
SQL: SHOW COLUMNS FROM `blog_article` [ RunTime:0.0043s ]
SQL: SELECT COUNT(*) AS tp_count FROM `blog_article` LIMIT 1   [ RunTime:0.0005s ]
SQL: SELECT COUNT(*) AS tp_count FROM `blog_article` WHERE `time` LIKE '2015/09/26%' LIMIT 1   [ RunTime:0.0003s ]
SQL: SHOW COLUMNS FROM `blog_category` [ RunTime:0.0053s ]
SQL: SELECT COUNT(*) AS tp_count FROM `blog_category` LIMIT 1   [ RunTime:0.0003s ]
SQL: SHOW COLUMNS FROM `blog_admin` [ RunTime:0.0041s ]
SQL: SELECT COUNT(*) AS tp_count FROM `blog_admin` LIMIT 1   [ RunTime:0.0003s ]
INFO: [ view_parse ] --START--
INFO: [ template_filter ] --START--
INFO: Run Behavior\ContentReplaceBehavior [ RunTime:0.000120s ]
INFO: [ template_filter ] --END-- [ RunTime:0.000235s ]
NOTIC: [8] Use of undefined constant index - assumed 'index' F:\TestWeb\BlogCodes\Application\Runtime\Cache\Admin\b595b808c2ebeeeb0478ffc30bb4e87a.php 第 84 行.
NOTIC: [8] Use of undefined constant index - assumed 'index' F:\TestWeb\BlogCodes\Application\Runtime\Cache\Admin\b595b808c2ebeeeb0478ffc30bb4e87a.php 第 90 行.
NOTIC: [8] Use of undefined constant index - assumed 'index' F:\TestWeb\BlogCodes\Application\Runtime\Cache\Admin\b595b808c2ebeeeb0478ffc30bb4e87a.php 第 101 行.
NOTIC: [8] Use of undefined constant index - assumed 'index' F:\TestWeb\BlogCodes\Application\Runtime\Cache\Admin\b595b808c2ebeeeb0478ffc30bb4e87a.php 第 111 行.
NOTIC: [8] Use of undefined constant index - assumed 'index' F:\TestWeb\BlogCodes\Application\Runtime\Cache\Admin\b595b808c2ebeeeb0478ffc30bb4e87a.php 第 121 行.
INFO: Run Behavior\ParseTemplateBehavior [ RunTime:0.049338s ]
INFO: [ view_parse ] --END-- [ RunTime:0.049471s ]
INFO: [ view_filter ] --START--
INFO: Run Behavior\WriteHtmlCacheBehavior [ RunTime:0.000450s ]
INFO: [ view_filter ] --END-- [ RunTime:0.000604s ]
INFO: [ app_end ] --START--
INFO: Run Behavior\ShowPageTraceBehavior [ RunTime:0.000614s ]
INFO: [ app_end ] --END-- [ RunTime:0.000718s ]

[ 2015-09-26T17:38:26+08:00 ] 127.0.0.1 /Admin/Category/listCategory.html
INFO: [ app_init ] --START--
INFO: Run Behavior\BuildLiteBehavior [ RunTime:0.000030s ]
INFO: [ app_init ] --END-- [ RunTime:0.000487s ]
INFO: [ app_begin ] --START--
INFO: Run Behavior\ReadHtmlCacheBehavior [ RunTime:0.000995s ]
INFO: [ app_begin ] --END-- [ RunTime:0.001234s ]
SQL: SHOW COLUMNS FROM `blog_category` [ RunTime:0.0039s ]
SQL: SELECT * FROM `blog_category` ORDER BY orders ASC  [ RunTime:0.0003s ]
NOTIC: [8] Undefined offset: 44 F:\TestWeb\BlogCodes\Application\Common\Service\Category.class.php 第 48 行.
INFO: [ view_parse ] --START--
INFO: [ template_filter ] --START--
INFO: Run Behavior\ContentReplaceBehavior [ RunTime:0.000086s ]
INFO: [ template_filter ] --END-- [ RunTime:0.000200s ]
NOTIC: [8] Use of undefined constant category - assumed 'category' F:\TestWeb\BlogCodes\Application\Runtime\Cache\Admin\5e2295455fba630ea941c5e968a52cbc.php 第 86 行.
NOTIC: [8] Use of undefined constant category - assumed 'category' F:\TestWeb\BlogCodes\Application\Runtime\Cache\Admin\5e2295455fba630ea941c5e968a52cbc.php 第 92 行.
NOTIC: [8] Use of undefined constant category - assumed 'category' F:\TestWeb\BlogCodes\Application\Runtime\Cache\Admin\5e2295455fba630ea941c5e968a52cbc.php 第 103 行.
NOTIC: [8] Use of undefined constant category - assumed 'category' F:\TestWeb\BlogCodes\Application\Runtime\Cache\Admin\5e2295455fba630ea941c5e968a52cbc.php 第 113 行.
NOTIC: [8] Use of undefined constant category - assumed 'category' F:\TestWeb\BlogCodes\Application\Runtime\Cache\Admin\5e2295455fba630ea941c5e968a52cbc.php 第 123 行.
NOTIC: [2] Invalid argument supplied for foreach() F:\TestWeb\BlogCodes\Application\Runtime\Cache\Admin\5e2295455fba630ea941c5e968a52cbc.php 第 172 行.
INFO: Run Behavior\ParseTemplateBehavior [ RunTime:0.033943s ]
INFO: [ view_parse ] --END-- [ RunTime:0.034095s ]
INFO: [ view_filter ] --START--
INFO: Run Behavior\WriteHtmlCacheBehavior [ RunTime:0.000454s ]
INFO: [ view_filter ] --END-- [ RunTime:0.000559s ]
INFO: [ app_end ] --START--
INFO: Run Behavior\ShowPageTraceBehavior [ RunTime:0.001004s ]
INFO: [ app_end ] --END-- [ RunTime:0.001158s ]

[ 2015-09-26T17:38:28+08:00 ] 127.0.0.1 /Admin/Category/delCate/id/44.html
INFO: [ app_init ] --START--
INFO: Run Behavior\BuildLiteBehavior [ RunTime:0.000024s ]
INFO: [ app_init ] --END-- [ RunTime:0.000406s ]
INFO: [ app_begin ] --START--
INFO: Run Behavior\ReadHtmlCacheBehavior [ RunTime:0.000667s ]
INFO: [ app_begin ] --END-- [ RunTime:0.000795s ]
SQL: SHOW COLUMNS FROM `blog_category` [ RunTime:0.0042s ]
SQL: SELECT * FROM `blog_category` ORDER BY orders ASC  [ RunTime:0.0003s ]
NOTIC: [8] Undefined offset: 44 F:\TestWeb\BlogCodes\Application\Common\Service\Category.class.php 第 48 行.
SQL: SELECT * FROM `blog_category` WHERE `id` = 44 LIMIT 1   [ RunTime:0.0003s ]
SQL: DELETE FROM `blog_category` WHERE `pid` = 44 [ RunTime:0.0002s ]
SQL: DELETE FROM `blog_category` WHERE `id` = 44 [ RunTime:0.0262s ]

[ 2015-09-26T17:38:28+08:00 ] 127.0.0.1 /Admin/Category/listCategory.html
INFO: [ app_init ] --START--
INFO: Run Behavior\BuildLiteBehavior [ RunTime:0.000032s ]
INFO: [ app_init ] --END-- [ RunTime:0.001212s ]
INFO: [ app_begin ] --START--
INFO: Run Behavior\ReadHtmlCacheBehavior [ RunTime:0.000621s ]
INFO: [ app_begin ] --END-- [ RunTime:0.000747s ]
SQL: SHOW COLUMNS FROM `blog_category` [ RunTime:0.0045s ]
SQL: SELECT * FROM `blog_category` ORDER BY orders ASC  [ RunTime:0.0004s ]
INFO: [ view_parse ] --START--
INFO: [ template_filter ] --START--
INFO: Run Behavior\ContentReplaceBehavior [ RunTime:0.000088s ]
INFO: [ template_filter ] --END-- [ RunTime:0.000229s ]
NOTIC: [8] Use of undefined constant category - assumed 'category' F:\TestWeb\BlogCodes\Application\Runtime\Cache\Admin\5e2295455fba630ea941c5e968a52cbc.php 第 86 行.
NOTIC: [8] Use of undefined constant category - assumed 'category' F:\TestWeb\BlogCodes\Application\Runtime\Cache\Admin\5e2295455fba630ea941c5e968a52cbc.php 第 92 行.
NOTIC: [8] Use of undefined constant category - assumed 'category' F:\TestWeb\BlogCodes\Application\Runtime\Cache\Admin\5e2295455fba630ea941c5e968a52cbc.php 第 103 行.
NOTIC: [8] Use of undefined constant category - assumed 'category' F:\TestWeb\BlogCodes\Application\Runtime\Cache\Admin\5e2295455fba630ea941c5e968a52cbc.php 第 113 行.
NOTIC: [8] Use of undefined constant category - assumed 'category' F:\TestWeb\BlogCodes\Application\Runtime\Cache\Admin\5e2295455fba630ea941c5e968a52cbc.php 第 123 行.
INFO: Run Behavior\ParseTemplateBehavior [ RunTime:0.015350s ]
INFO: [ view_parse ] --END-- [ RunTime:0.015463s ]
INFO: [ view_filter ] --START--
INFO: Run Behavior\WriteHtmlCacheBehavior [ RunTime:0.000523s ]
INFO: [ view_filter ] --END-- [ RunTime:0.000654s ]
INFO: [ app_end ] --START--
INFO: Run Behavior\ShowPageTraceBehavior [ RunTime:0.000618s ]
INFO: [ app_end ] --END-- [ RunTime:0.000721s ]

[ 2015-09-26T17:38:29+08:00 ] 127.0.0.1 /Admin/Category/delCate/id/52.html
INFO: [ app_init ] --START--
INFO: Run Behavior\BuildLiteBehavior [ RunTime:0.000026s ]
INFO: [ app_init ] --END-- [ RunTime:0.000465s ]
INFO: [ app_begin ] --START--
INFO: Run Behavior\ReadHtmlCacheBehavior [ RunTime:0.000607s ]
INFO: [ app_begin ] --END-- [ RunTime:0.000708s ]
SQL: SHOW COLUMNS FROM `blog_category` [ RunTime:0.0037s ]
SQL: SELECT * FROM `blog_category` ORDER BY orders ASC  [ RunTime:0.0004s ]
SQL: SELECT * FROM `blog_category` WHERE `id` = 52 LIMIT 1   [ RunTime:0.0004s ]
SQL: DELETE FROM `blog_category` WHERE `id` = 52 [ RunTime:0.0304s ]

[ 2015-09-26T17:38:29+08:00 ] 127.0.0.1 /Admin/Category/listCategory.html
INFO: [ app_init ] --START--
INFO: Run Behavior\BuildLiteBehavior [ RunTime:0.000039s ]
INFO: [ app_init ] --END-- [ RunTime:0.000681s ]
INFO: [ app_begin ] --START--
INFO: Run Behavior\ReadHtmlCacheBehavior [ RunTime:0.000627s ]
INFO: [ app_begin ] --END-- [ RunTime:0.000757s ]
SQL: SHOW COLUMNS FROM `blog_category` [ RunTime:0.0039s ]
SQL: SELECT * FROM `blog_category` ORDER BY orders ASC  [ RunTime:0.0003s ]
NOTIC: [8] Undefined offset: 49 F:\TestWeb\BlogCodes\Application\Common\Service\Category.class.php 第 48 行.
INFO: [ view_parse ] --START--
INFO: [ template_filter ] --START--
INFO: Run Behavior\ContentReplaceBehavior [ RunTime:0.000101s ]
INFO: [ template_filter ] --END-- [ RunTime:0.000226s ]
NOTIC: [8] Use of undefined constant category - assumed 'category' F:\TestWeb\BlogCodes\Application\Runtime\Cache\Admin\5e2295455fba630ea941c5e968a52cbc.php 第 86 行.
NOTIC: [8] Use of undefined constant category - assumed 'category' F:\TestWeb\BlogCodes\Application\Runtime\Cache\Admin\5e2295455fba630ea941c5e968a52cbc.php 第 92 行.
NOTIC: [8] Use of undefined constant category - assumed 'category' F:\TestWeb\BlogCodes\Application\Runtime\Cache\Admin\5e2295455fba630ea941c5e968a52cbc.php 第 103 行.
NOTIC: [8] Use of undefined constant category - assumed 'category' F:\TestWeb\BlogCodes\Application\Runtime\Cache\Admin\5e2295455fba630ea941c5e968a52cbc.php 第 113 行.
NOTIC: [8] Use of undefined constant category - assumed 'category' F:\TestWeb\BlogCodes\Application\Runtime\Cache\Admin\5e2295455fba630ea941c5e968a52cbc.php 第 123 行.
NOTIC: [2] Invalid argument supplied for foreach() F:\TestWeb\BlogCodes\Application\Runtime\Cache\Admin\5e2295455fba630ea941c5e968a52cbc.php 第 172 行.
INFO: Run Behavior\ParseTemplateBehavior [ RunTime:0.017666s ]
INFO: [ view_parse ] --END-- [ RunTime:0.017793s ]
INFO: [ view_filter ] --START--
INFO: Run Behavior\WriteHtmlCacheBehavior [ RunTime:0.000515s ]
INFO: [ view_filter ] --END-- [ RunTime:0.000625s ]
INFO: [ app_end ] --START--
INFO: Run Behavior\ShowPageTraceBehavior [ RunTime:0.000594s ]
INFO: [ app_end ] --END-- [ RunTime:0.000701s ]

[ 2015-09-26T17:38:30+08:00 ] 127.0.0.1 /Admin/Category/delCate/id/49.html
INFO: [ app_init ] --START--
INFO: Run Behavior\BuildLiteBehavior [ RunTime:0.000038s ]
INFO: [ app_init ] --END-- [ RunTime:0.000487s ]
INFO: [ app_begin ] --START--
INFO: Run Behavior\ReadHtmlCacheBehavior [ RunTime:0.000624s ]
INFO: [ app_begin ] --END-- [ RunTime:0.000722s ]
SQL: SHOW COLUMNS FROM `blog_category` [ RunTime:0.0039s ]
SQL: SELECT * FROM `blog_category` ORDER BY orders ASC  [ RunTime:0.0003s ]
NOTIC: [8] Undefined offset: 49 F:\TestWeb\BlogCodes\Application\Common\Service\Category.class.php 第 48 行.
SQL: SELECT * FROM `blog_category` WHERE `id` = 49 LIMIT 1   [ RunTime:0.0004s ]
SQL: DELETE FROM `blog_category` WHERE `pid` = 49 [ RunTime:0.0003s ]
SQL: DELETE FROM `blog_category` WHERE `id` = 49 [ RunTime:0.0080s ]

[ 2015-09-26T17:38:31+08:00 ] 127.0.0.1 /Admin/Category/listCategory.html
INFO: [ app_init ] --START--
INFO: Run Behavior\BuildLiteBehavior [ RunTime:0.000046s ]
INFO: [ app_init ] --END-- [ RunTime:0.000609s ]
INFO: [ app_begin ] --START--
INFO: Run Behavior\ReadHtmlCacheBehavior [ RunTime:0.000965s ]
INFO: [ app_begin ] --END-- [ RunTime:0.001199s ]
SQL: SHOW COLUMNS FROM `blog_category` [ RunTime:0.0042s ]
SQL: SELECT * FROM `blog_category` ORDER BY orders ASC  [ RunTime:0.0003s ]
INFO: [ view_parse ] --START--
INFO: [ template_filter ] --START--
INFO: Run Behavior\ContentReplaceBehavior [ RunTime:0.000135s ]
INFO: [ template_filter ] --END-- [ RunTime:0.000342s ]
NOTIC: [8] Use of undefined constant category - assumed 'category' F:\TestWeb\BlogCodes\Application\Runtime\Cache\Admin\5e2295455fba630ea941c5e968a52cbc.php 第 86 行.
NOTIC: [8] Use of undefined constant category - assumed 'category' F:\TestWeb\BlogCodes\Application\Runtime\Cache\Admin\5e2295455fba630ea941c5e968a52cbc.php 第 92 行.
NOTIC: [8] Use of undefined constant category - assumed 'category' F:\TestWeb\BlogCodes\Application\Runtime\Cache\Admin\5e2295455fba630ea941c5e968a52cbc.php 第 103 行.
NOTIC: [8] Use of undefined constant category - assumed 'category' F:\TestWeb\BlogCodes\Application\Runtime\Cache\Admin\5e2295455fba630ea941c5e968a52cbc.php 第 113 行.
NOTIC: [8] Use of undefined constant category - assumed 'category' F:\TestWeb\BlogCodes\Application\Runtime\Cache\Admin\5e2295455fba630ea941c5e968a52cbc.php 第 123 行.
INFO: Run Behavior\ParseTemplateBehavior [ RunTime:0.019374s ]
INFO: [ view_parse ] --END-- [ RunTime:0.019546s ]
INFO: [ view_filter ] --START--
INFO: Run Behavior\WriteHtmlCacheBehavior [ RunTime:0.000565s ]
INFO: [ view_filter ] --END-- [ RunTime:0.000688s ]
INFO: [ app_end ] --START--
INFO: Run Behavior\ShowPageTraceBehavior [ RunTime:0.000681s ]
INFO: [ app_end ] --END-- [ RunTime:0.000790s ]

[ 2015-09-26T17:38:31+08:00 ] 127.0.0.1 /Admin/Category/addCategory.html
INFO: [ app_init ] --START--
INFO: Run Behavior\BuildLiteBehavior [ RunTime:0.000024s ]
INFO: [ app_init ] --END-- [ RunTime:0.000437s ]
INFO: [ app_begin ] --START--
INFO: Run Behavior\ReadHtmlCacheBehavior [ RunTime:0.000577s ]
INFO: [ app_begin ] --END-- [ RunTime:0.000673s ]
SQL: SHOW COLUMNS FROM `blog_category` [ RunTime:0.0036s ]
SQL: SELECT * FROM `blog_category` ORDER BY orders ASC  [ RunTime:0.0003s ]
INFO: [ view_parse ] --START--
INFO: [ template_filter ] --START--
INFO: Run Behavior\ContentReplaceBehavior [ RunTime:0.000061s ]
INFO: [ template_filter ] --END-- [ RunTime:0.000182s ]
INFO: Run Behavior\ParseTemplateBehavior [ RunTime:0.008115s ]
INFO: [ view_parse ] --END-- [ RunTime:0.008226s ]
INFO: [ view_filter ] --START--
INFO: Run Behavior\WriteHtmlCacheBehavior [ RunTime:0.000433s ]
INFO: [ view_filter ] --END-- [ RunTime:0.000520s ]
INFO: [ app_end ] --START--
INFO: Run Behavior\ShowPageTraceBehavior [ RunTime:0.000605s ]
INFO: [ app_end ] --END-- [ RunTime:0.000703s ]

[ 2015-09-26T17:38:45+08:00 ] 127.0.0.1 /Admin/Category/doAdd.html
INFO: [ app_init ] --START--
INFO: Run Behavior\BuildLiteBehavior [ RunTime:0.000026s ]
INFO: [ app_init ] --END-- [ RunTime:0.000470s ]
INFO: [ app_begin ] --START--
INFO: Run Behavior\ReadHtmlCacheBehavior [ RunTime:0.000576s ]
INFO: [ app_begin ] --END-- [ RunTime:0.000682s ]
SQL: SHOW COLUMNS FROM `blog_category` [ RunTime:0.0039s ]
SQL: SELECT * FROM `blog_category` ORDER BY orders ASC  [ RunTime:0.0003s ]
NOTIC: [2] Missing argument 1 for I(), called in F:\TestWeb\BlogCodes\Application\Admin\Controller\CategoryController.class.php on line 43 and defined F:\TestWeb\BlogCodes\ThinkPHP\Common\functions.php 第 271 行.
NOTIC: [8] Undefined variable: name F:\TestWeb\BlogCodes\ThinkPHP\Common\functions.php 第 273 行.
NOTIC: [8] Undefined variable: name F:\TestWeb\BlogCodes\ThinkPHP\Common\functions.php 第 278 行.
NOTIC: [8] Undefined variable: name F:\TestWeb\BlogCodes\ThinkPHP\Common\functions.php 第 339 行.
SQL: INSERT INTO `blog_category` (`pid`,`catename`,`orders`) VALUES ('0','Html+Css','0') [ RunTime:0.0044s ]
NOTIC: [8] Use of undefined constant res - assumed 'res' F:\TestWeb\BlogCodes\Application\Admin\Controller\CategoryController.class.php 第 49 行.

[ 2015-09-26T17:38:45+08:00 ] 127.0.0.1 /Admin/Category/listCategory.html
INFO: [ app_init ] --START--
INFO: Run Behavior\BuildLiteBehavior [ RunTime:0.000025s ]
INFO: [ app_init ] --END-- [ RunTime:0.000423s ]
INFO: [ app_begin ] --START--
INFO: Run Behavior\ReadHtmlCacheBehavior [ RunTime:0.000634s ]
INFO: [ app_begin ] --END-- [ RunTime:0.000776s ]
SQL: SHOW COLUMNS FROM `blog_category` [ RunTime:0.0055s ]
SQL: SELECT * FROM `blog_category` ORDER BY orders ASC  [ RunTime:0.0003s ]
NOTIC: [8] Undefined offset: 53 F:\TestWeb\BlogCodes\Application\Common\Service\Category.class.php 第 48 行.
INFO: [ view_parse ] --START--
INFO: [ template_filter ] --START--
INFO: Run Behavior\ContentReplaceBehavior [ RunTime:0.000086s ]
INFO: [ template_filter ] --END-- [ RunTime:0.000201s ]
NOTIC: [8] Use of undefined constant category - assumed 'category' F:\TestWeb\BlogCodes\Application\Runtime\Cache\Admin\5e2295455fba630ea941c5e968a52cbc.php 第 86 行.
NOTIC: [8] Use of undefined constant category - assumed 'category' F:\TestWeb\BlogCodes\Application\Runtime\Cache\Admin\5e2295455fba630ea941c5e968a52cbc.php 第 92 行.
NOTIC: [8] Use of undefined constant category - assumed 'category' F:\TestWeb\BlogCodes\Application\Runtime\Cache\Admin\5e2295455fba630ea941c5e968a52cbc.php 第 103 行.
NOTIC: [8] Use of undefined constant category - assumed 'category' F:\TestWeb\BlogCodes\Application\Runtime\Cache\Admin\5e2295455fba630ea941c5e968a52cbc.php 第 113 行.
NOTIC: [8] Use of undefined constant category - assumed 'category' F:\TestWeb\BlogCodes\Application\Runtime\Cache\Admin\5e2295455fba630ea941c5e968a52cbc.php 第 123 行.
NOTIC: [2] Invalid argument supplied for foreach() F:\TestWeb\BlogCodes\Application\Runtime\Cache\Admin\5e2295455fba630ea941c5e968a52cbc.php 第 172 行.
INFO: Run Behavior\ParseTemplateBehavior [ RunTime:0.015652s ]
INFO: [ view_parse ] --END-- [ RunTime:0.015778s ]
INFO: [ view_filter ] --START--
INFO: Run Behavior\WriteHtmlCacheBehavior [ RunTime:0.000488s ]
INFO: [ view_filter ] --END-- [ RunTime:0.000594s ]
INFO: [ app_end ] --START--
INFO: Run Behavior\ShowPageTraceBehavior [ RunTime:0.000613s ]
INFO: [ app_end ] --END-- [ RunTime:0.000717s ]

[ 2015-09-26T17:39:20+08:00 ] 127.0.0.1 /Admin/Category/addCategory.html
INFO: [ app_init ] --START--
INFO: Run Behavior\BuildLiteBehavior [ RunTime:0.000022s ]
INFO: [ app_init ] --END-- [ RunTime:0.000407s ]
INFO: [ app_begin ] --START--
INFO: Run Behavior\ReadHtmlCacheBehavior [ RunTime:0.001298s ]
INFO: [ app_begin ] --END-- [ RunTime:0.001440s ]
SQL: SHOW COLUMNS FROM `blog_category` [ RunTime:0.0037s ]
SQL: SELECT * FROM `blog_category` ORDER BY orders ASC  [ RunTime:0.0003s ]
NOTIC: [8] Undefined offset: 53 F:\TestWeb\BlogCodes\Application\Common\Service\Category.class.php 第 48 行.
INFO: [ view_parse ] --START--
INFO: [ template_filter ] --START--
INFO: Run Behavior\ContentReplaceBehavior [ RunTime:0.000060s ]
INFO: [ template_filter ] --END-- [ RunTime:0.000166s ]
NOTIC: [2] Invalid argument supplied for foreach() F:\TestWeb\BlogCodes\Application\Runtime\Cache\Admin\bc271138cb8bff37682fb8bce90cc724.php 第 16 行.
INFO: Run Behavior\ParseTemplateBehavior [ RunTime:0.006926s ]
INFO: [ view_parse ] --END-- [ RunTime:0.007029s ]
INFO: [ view_filter ] --START--
INFO: Run Behavior\WriteHtmlCacheBehavior [ RunTime:0.000447s ]
INFO: [ view_filter ] --END-- [ RunTime:0.000535s ]
INFO: [ app_end ] --START--
INFO: Run Behavior\ShowPageTraceBehavior [ RunTime:0.000598s ]
INFO: [ app_end ] --END-- [ RunTime:0.000696s ]

[ 2015-09-26T17:39:34+08:00 ] 127.0.0.1 /Admin/Category/doAdd.html
INFO: [ app_init ] --START--
INFO: Run Behavior\BuildLiteBehavior [ RunTime:0.000025s ]
INFO: [ app_init ] --END-- [ RunTime:0.000516s ]
INFO: [ app_begin ] --START--
INFO: Run Behavior\ReadHtmlCacheBehavior [ RunTime:0.000552s ]
INFO: [ app_begin ] --END-- [ RunTime:0.000645s ]
SQL: SHOW COLUMNS FROM `blog_category` [ RunTime:0.0036s ]
SQL: SELECT * FROM `blog_category` ORDER BY orders ASC  [ RunTime:0.0003s ]
NOTIC: [8] Undefined offset: 53 F:\TestWeb\BlogCodes\Application\Common\Service\Category.class.php 第 48 行.
NOTIC: [2] Missing argument 1 for I(), called in F:\TestWeb\BlogCodes\Application\Admin\Controller\CategoryController.class.php on line 43 and defined F:\TestWeb\BlogCodes\ThinkPHP\Common\functions.php 第 271 行.
NOTIC: [8] Undefined variable: name F:\TestWeb\BlogCodes\ThinkPHP\Common\functions.php 第 273 行.
NOTIC: [8] Undefined variable: name F:\TestWeb\BlogCodes\ThinkPHP\Common\functions.php 第 278 行.
NOTIC: [8] Undefined variable: name F:\TestWeb\BlogCodes\ThinkPHP\Common\functions.php 第 339 行.
SQL: INSERT INTO `blog_category` (`pid`,`catename`,`orders`) VALUES ('53','html','0') [ RunTime:0.0030s ]
NOTIC: [8] Use of undefined constant res - assumed 'res' F:\TestWeb\BlogCodes\Application\Admin\Controller\CategoryController.class.php 第 49 行.

[ 2015-09-26T17:39:34+08:00 ] 127.0.0.1 /Admin/Category/listCategory.html
INFO: [ app_init ] --START--
INFO: Run Behavior\BuildLiteBehavior [ RunTime:0.000040s ]
INFO: [ app_init ] --END-- [ RunTime:0.000847s ]
INFO: [ app_begin ] --START--
INFO: Run Behavior\ReadHtmlCacheBehavior [ RunTime:0.000588s ]
INFO: [ app_begin ] --END-- [ RunTime:0.000705s ]
SQL: SHOW COLUMNS FROM `blog_category` [ RunTime:0.0036s ]
SQL: SELECT * FROM `blog_category` ORDER BY orders ASC  [ RunTime:0.0003s ]
INFO: [ view_parse ] --START--
INFO: [ template_filter ] --START--
INFO: Run Behavior\ContentReplaceBehavior [ RunTime:0.000084s ]
INFO: [ template_filter ] --END-- [ RunTime:0.000198s ]
NOTIC: [8] Use of undefined constant category - assumed 'category' F:\TestWeb\BlogCodes\Application\Runtime\Cache\Admin\5e2295455fba630ea941c5e968a52cbc.php 第 86 行.
NOTIC: [8] Use of undefined constant category - assumed 'category' F:\TestWeb\BlogCodes\Application\Runtime\Cache\Admin\5e2295455fba630ea941c5e968a52cbc.php 第 92 行.
NOTIC: [8] Use of undefined constant category - assumed 'category' F:\TestWeb\BlogCodes\Application\Runtime\Cache\Admin\5e2295455fba630ea941c5e968a52cbc.php 第 103 行.
NOTIC: [8] Use of undefined constant category - assumed 'category' F:\TestWeb\BlogCodes\Application\Runtime\Cache\Admin\5e2295455fba630ea941c5e968a52cbc.php 第 113 行.
NOTIC: [8] Use of undefined constant category - assumed 'category' F:\TestWeb\BlogCodes\Application\Runtime\Cache\Admin\5e2295455fba630ea941c5e968a52cbc.php 第 123 行.
INFO: Run Behavior\ParseTemplateBehavior [ RunTime:0.014318s ]
INFO: [ view_parse ] --END-- [ RunTime:0.014436s ]
INFO: [ view_filter ] --START--
INFO: Run Behavior\WriteHtmlCacheBehavior [ RunTime:0.000443s ]
INFO: [ view_filter ] --END-- [ RunTime:0.000547s ]
INFO: [ app_end ] --START--
INFO: Run Behavior\ShowPageTraceBehavior [ RunTime:0.000569s ]
INFO: [ app_end ] --END-- [ RunTime:0.000670s ]

[ 2015-09-26T17:39:35+08:00 ] 127.0.0.1 /Admin/Category/addCategory.html
INFO: [ app_init ] --START--
INFO: Run Behavior\BuildLiteBehavior [ RunTime:0.000025s ]
INFO: [ app_init ] --END-- [ RunTime:0.000447s ]
INFO: [ app_begin ] --START--
INFO: Run Behavior\ReadHtmlCacheBehavior [ RunTime:0.000591s ]
INFO: [ app_begin ] --END-- [ RunTime:0.000689s ]
SQL: SHOW COLUMNS FROM `blog_category` [ RunTime:0.0043s ]
SQL: SELECT * FROM `blog_category` ORDER BY orders ASC  [ RunTime:0.0005s ]
INFO: [ view_parse ] --START--
INFO: [ template_filter ] --START--
INFO: Run Behavior\ContentReplaceBehavior [ RunTime:0.000061s ]
INFO: [ template_filter ] --END-- [ RunTime:0.000161s ]
INFO: Run Behavior\ParseTemplateBehavior [ RunTime:0.007500s ]
INFO: [ view_parse ] --END-- [ RunTime:0.007613s ]
INFO: [ view_filter ] --START--
INFO: Run Behavior\WriteHtmlCacheBehavior [ RunTime:0.000474s ]
INFO: [ view_filter ] --END-- [ RunTime:0.000564s ]
INFO: [ app_end ] --START--
INFO: Run Behavior\ShowPageTraceBehavior [ RunTime:0.000927s ]
INFO: [ app_end ] --END-- [ RunTime:0.001080s ]

[ 2015-09-26T17:39:40+08:00 ] 127.0.0.1 /Admin/Category/doAdd.html
INFO: [ app_init ] --START--
INFO: Run Behavior\BuildLiteBehavior [ RunTime:0.000029s ]
INFO: [ app_init ] --END-- [ RunTime:0.000622s ]
INFO: [ app_begin ] --START--
INFO: Run Behavior\ReadHtmlCacheBehavior [ RunTime:0.000782s ]
INFO: [ app_begin ] --END-- [ RunTime:0.000954s ]
SQL: SHOW COLUMNS FROM `blog_category` [ RunTime:0.0041s ]
SQL: SELECT * FROM `blog_category` ORDER BY orders ASC  [ RunTime:0.0003s ]
NOTIC: [2] Missing argument 1 for I(), called in F:\TestWeb\BlogCodes\Application\Admin\Controller\CategoryController.class.php on line 43 and defined F:\TestWeb\BlogCodes\ThinkPHP\Common\functions.php 第 271 行.
NOTIC: [8] Undefined variable: name F:\TestWeb\BlogCodes\ThinkPHP\Common\functions.php 第 273 行.
NOTIC: [8] Undefined variable: name F:\TestWeb\BlogCodes\ThinkPHP\Common\functions.php 第 278 行.
NOTIC: [8] Undefined variable: name F:\TestWeb\BlogCodes\ThinkPHP\Common\functions.php 第 339 行.
SQL: INSERT INTO `blog_category` (`pid`,`catename`,`orders`) VALUES ('53','Css','0') [ RunTime:0.0713s ]
NOTIC: [8] Use of undefined constant res - assumed 'res' F:\TestWeb\BlogCodes\Application\Admin\Controller\CategoryController.class.php 第 49 行.

[ 2015-09-26T17:39:40+08:00 ] 127.0.0.1 /Admin/Category/listCategory.html
INFO: [ app_init ] --START--
INFO: Run Behavior\BuildLiteBehavior [ RunTime:0.000035s ]
INFO: [ app_init ] --END-- [ RunTime:0.000598s ]
INFO: [ app_begin ] --START--
INFO: Run Behavior\ReadHtmlCacheBehavior [ RunTime:0.000961s ]
INFO: [ app_begin ] --END-- [ RunTime:0.001143s ]
SQL: SHOW COLUMNS FROM `blog_category` [ RunTime:0.0057s ]
SQL: SELECT * FROM `blog_category` ORDER BY orders ASC  [ RunTime:0.0003s ]
INFO: [ view_parse ] --START--
INFO: [ template_filter ] --START--
INFO: Run Behavior\ContentReplaceBehavior [ RunTime:0.000159s ]
INFO: [ template_filter ] --END-- [ RunTime:0.000334s ]
NOTIC: [8] Use of undefined constant category - assumed 'category' F:\TestWeb\BlogCodes\Application\Runtime\Cache\Admin\5e2295455fba630ea941c5e968a52cbc.php 第 86 行.
NOTIC: [8] Use of undefined constant category - assumed 'category' F:\TestWeb\BlogCodes\Application\Runtime\Cache\Admin\5e2295455fba630ea941c5e968a52cbc.php 第 92 行.
NOTIC: [8] Use of undefined constant category - assumed 'category' F:\TestWeb\BlogCodes\Application\Runtime\Cache\Admin\5e2295455fba630ea941c5e968a52cbc.php 第 103 行.
NOTIC: [8] Use of undefined constant category - assumed 'category' F:\TestWeb\BlogCodes\Application\Runtime\Cache\Admin\5e2295455fba630ea941c5e968a52cbc.php 第 113 行.
NOTIC: [8] Use of undefined constant category - assumed 'category' F:\TestWeb\BlogCodes\Application\Runtime\Cache\Admin\5e2295455fba630ea941c5e968a52cbc.php 第 123 行.
INFO: Run Behavior\ParseTemplateBehavior [ RunTime:0.015701s ]
INFO: [ view_parse ] --END-- [ RunTime:0.015827s ]
INFO: [ view_filter ] --START--
INFO: Run Behavior\WriteHtmlCacheBehavior [ RunTime:0.000598s ]
INFO: [ view_filter ] --END-- [ RunTime:0.000716s ]
INFO: [ app_end ] --START--
INFO: Run Behavior\ShowPageTraceBehavior [ RunTime:0.000633s ]
INFO: [ app_end ] --END-- [ RunTime:0.000758s ]

[ 2015-09-26T17:39:42+08:00 ] 127.0.0.1 /Admin/Category/addCategory.html
INFO: [ app_init ] --START--
INFO: Run Behavior\BuildLiteBehavior [ RunTime:0.000042s ]
INFO: [ app_init ] --END-- [ RunTime:0.000753s ]
INFO: [ app_begin ] --START--
INFO: Run Behavior\ReadHtmlCacheBehavior [ RunTime:0.000577s ]
INFO: [ app_begin ] --END-- [ RunTime:0.000668s ]
SQL: SHOW COLUMNS FROM `blog_category` [ RunTime:0.0063s ]
SQL: SELECT * FROM `blog_category` ORDER BY orders ASC  [ RunTime:0.0004s ]
INFO: [ view_parse ] --START--
INFO: [ template_filter ] --START--
INFO: Run Behavior\ContentReplaceBehavior [ RunTime:0.000094s ]
INFO: [ template_filter ] --END-- [ RunTime:0.000227s ]
INFO: Run Behavior\ParseTemplateBehavior [ RunTime:0.011207s ]
INFO: [ view_parse ] --END-- [ RunTime:0.011390s ]
INFO: [ view_filter ] --START--
INFO: Run Behavior\WriteHtmlCacheBehavior [ RunTime:0.000636s ]
INFO: [ view_filter ] --END-- [ RunTime:0.000765s ]
INFO: [ app_end ] --START--
INFO: Run Behavior\ShowPageTraceBehavior [ RunTime:0.000630s ]
INFO: [ app_end ] --END-- [ RunTime:0.000724s ]

[ 2015-09-26T17:39:53+08:00 ] 127.0.0.1 /Admin/Category/doAdd.html
INFO: [ app_init ] --START--
INFO: Run Behavior\BuildLiteBehavior [ RunTime:0.000024s ]
INFO: [ app_init ] --END-- [ RunTime:0.000466s ]
INFO: [ app_begin ] --START--
INFO: Run Behavior\ReadHtmlCacheBehavior [ RunTime:0.000603s ]
INFO: [ app_begin ] --END-- [ RunTime:0.000702s ]
SQL: SHOW COLUMNS FROM `blog_category` [ RunTime:0.0047s ]
SQL: SELECT * FROM `blog_category` ORDER BY orders ASC  [ RunTime:0.0007s ]
NOTIC: [2] Missing argument 1 for I(), called in F:\TestWeb\BlogCodes\Application\Admin\Controller\CategoryController.class.php on line 43 and defined F:\TestWeb\BlogCodes\ThinkPHP\Common\functions.php 第 271 行.
NOTIC: [8] Undefined variable: name F:\TestWeb\BlogCodes\ThinkPHP\Common\functions.php 第 273 行.
NOTIC: [8] Undefined variable: name F:\TestWeb\BlogCodes\ThinkPHP\Common\functions.php 第 278 行.
NOTIC: [8] Undefined variable: name F:\TestWeb\BlogCodes\ThinkPHP\Common\functions.php 第 339 行.
SQL: INSERT INTO `blog_category` (`pid`,`catename`,`orders`) VALUES ('0','JavaScript','0') [ RunTime:0.0034s ]
NOTIC: [8] Use of undefined constant res - assumed 'res' F:\TestWeb\BlogCodes\Application\Admin\Controller\CategoryController.class.php 第 49 行.

[ 2015-09-26T17:39:53+08:00 ] 127.0.0.1 /Admin/Category/listCategory.html
INFO: [ app_init ] --START--
INFO: Run Behavior\BuildLiteBehavior [ RunTime:0.000044s ]
INFO: [ app_init ] --END-- [ RunTime:0.000748s ]
INFO: [ app_begin ] --START--
INFO: Run Behavior\ReadHtmlCacheBehavior [ RunTime:0.002205s ]
INFO: [ app_begin ] --END-- [ RunTime:0.002460s ]
SQL: SHOW COLUMNS FROM `blog_category` [ RunTime:0.0052s ]
SQL: SELECT * FROM `blog_category` ORDER BY orders ASC  [ RunTime:0.0004s ]
NOTIC: [8] Undefined offset: 56 F:\TestWeb\BlogCodes\Application\Common\Service\Category.class.php 第 48 行.
INFO: [ view_parse ] --START--
INFO: [ template_filter ] --START--
INFO: Run Behavior\ContentReplaceBehavior [ RunTime:0.000151s ]
INFO: [ template_filter ] --END-- [ RunTime:0.000358s ]
NOTIC: [8] Use of undefined constant category - assumed 'category' F:\TestWeb\BlogCodes\Application\Runtime\Cache\Admin\5e2295455fba630ea941c5e968a52cbc.php 第 86 行.
NOTIC: [8] Use of undefined constant category - assumed 'category' F:\TestWeb\BlogCodes\Application\Runtime\Cache\Admin\5e2295455fba630ea941c5e968a52cbc.php 第 92 行.
NOTIC: [8] Use of undefined constant category - assumed 'category' F:\TestWeb\BlogCodes\Application\Runtime\Cache\Admin\5e2295455fba630ea941c5e968a52cbc.php 第 103 行.
NOTIC: [8] Use of undefined constant category - assumed 'category' F:\TestWeb\BlogCodes\Application\Runtime\Cache\Admin\5e2295455fba630ea941c5e968a52cbc.php 第 113 行.
NOTIC: [8] Use of undefined constant category - assumed 'category' F:\TestWeb\BlogCodes\Application\Runtime\Cache\Admin\5e2295455fba630ea941c5e968a52cbc.php 第 123 行.
NOTIC: [2] Invalid argument supplied for foreach() F:\TestWeb\BlogCodes\Application\Runtime\Cache\Admin\5e2295455fba630ea941c5e968a52cbc.php 第 172 行.
INFO: Run Behavior\ParseTemplateBehavior [ RunTime:0.025020s ]
INFO: [ view_parse ] --END-- [ RunTime:0.025197s ]
INFO: [ view_filter ] --START--
INFO: Run Behavior\WriteHtmlCacheBehavior [ RunTime:0.000558s ]
INFO: [ view_filter ] --END-- [ RunTime:0.000669s ]
INFO: [ app_end ] --START--
INFO: Run Behavior\ShowPageTraceBehavior [ RunTime:0.000965s ]
INFO: [ app_end ] --END-- [ RunTime:0.001179s ]

[ 2015-09-26T17:39:56+08:00 ] 127.0.0.1 /Admin/Category/addCategory.html
INFO: [ app_init ] --START--
INFO: Run Behavior\BuildLiteBehavior [ RunTime:0.000073s ]
INFO: [ app_init ] --END-- [ RunTime:0.001174s ]
INFO: [ app_begin ] --START--
INFO: Run Behavior\ReadHtmlCacheBehavior [ RunTime:0.000900s ]
INFO: [ app_begin ] --END-- [ RunTime:0.001080s ]
SQL: SHOW COLUMNS FROM `blog_category` [ RunTime:0.0038s ]
SQL: SELECT * FROM `blog_category` ORDER BY orders ASC  [ RunTime:0.0003s ]
NOTIC: [8] Undefined offset: 56 F:\TestWeb\BlogCodes\Application\Common\Service\Category.class.php 第 48 行.
INFO: [ view_parse ] --START--
INFO: [ template_filter ] --START--
INFO: Run Behavior\ContentReplaceBehavior [ RunTime:0.000060s ]
INFO: [ template_filter ] --END-- [ RunTime:0.000154s ]
NOTIC: [2] Invalid argument supplied for foreach() F:\TestWeb\BlogCodes\Application\Runtime\Cache\Admin\bc271138cb8bff37682fb8bce90cc724.php 第 16 行.
INFO: Run Behavior\ParseTemplateBehavior [ RunTime:0.007468s ]
INFO: [ view_parse ] --END-- [ RunTime:0.007575s ]
INFO: [ view_filter ] --START--
INFO: Run Behavior\WriteHtmlCacheBehavior [ RunTime:0.000495s ]
INFO: [ view_filter ] --END-- [ RunTime:0.000586s ]
INFO: [ app_end ] --START--
INFO: Run Behavior\ShowPageTraceBehavior [ RunTime:0.000716s ]
INFO: [ app_end ] --END-- [ RunTime:0.000964s ]

[ 2015-09-26T17:40:02+08:00 ] 127.0.0.1 /Admin/Category/doAdd.html
INFO: [ app_init ] --START--
INFO: Run Behavior\BuildLiteBehavior [ RunTime:0.000026s ]
INFO: [ app_init ] --END-- [ RunTime:0.000459s ]
INFO: [ app_begin ] --START--
INFO: Run Behavior\ReadHtmlCacheBehavior [ RunTime:0.000572s ]
INFO: [ app_begin ] --END-- [ RunTime:0.000701s ]
SQL: SHOW COLUMNS FROM `blog_category` [ RunTime:0.0039s ]
SQL: SELECT * FROM `blog_category` ORDER BY orders ASC  [ RunTime:0.0003s ]
NOTIC: [8] Undefined offset: 56 F:\TestWeb\BlogCodes\Application\Common\Service\Category.class.php 第 48 行.
NOTIC: [2] Missing argument 1 for I(), called in F:\TestWeb\BlogCodes\Application\Admin\Controller\CategoryController.class.php on line 43 and defined F:\TestWeb\BlogCodes\ThinkPHP\Common\functions.php 第 271 行.
NOTIC: [8] Undefined variable: name F:\TestWeb\BlogCodes\ThinkPHP\Common\functions.php 第 273 行.
NOTIC: [8] Undefined variable: name F:\TestWeb\BlogCodes\ThinkPHP\Common\functions.php 第 278 行.
NOTIC: [8] Undefined variable: name F:\TestWeb\BlogCodes\ThinkPHP\Common\functions.php 第 339 行.
SQL: INSERT INTO `blog_category` (`pid`,`catename`,`orders`) VALUES ('56','Jquery','0') [ RunTime:0.0028s ]
NOTIC: [8] Use of undefined constant res - assumed 'res' F:\TestWeb\BlogCodes\Application\Admin\Controller\CategoryController.class.php 第 49 行.

[ 2015-09-26T17:40:02+08:00 ] 127.0.0.1 /Admin/Category/listCategory.html
INFO: [ app_init ] --START--
INFO: Run Behavior\BuildLiteBehavior [ RunTime:0.000027s ]
INFO: [ app_init ] --END-- [ RunTime:0.000650s ]
INFO: [ app_begin ] --START--
INFO: Run Behavior\ReadHtmlCacheBehavior [ RunTime:0.000623s ]
INFO: [ app_begin ] --END-- [ RunTime:0.000753s ]
SQL: SHOW COLUMNS FROM `blog_category` [ RunTime:0.0049s ]
SQL: SELECT * FROM `blog_category` ORDER BY orders ASC  [ RunTime:0.0003s ]
INFO: [ view_parse ] --START--
INFO: [ template_filter ] --START--
INFO: Run Behavior\ContentReplaceBehavior [ RunTime:0.000092s ]
INFO: [ template_filter ] --END-- [ RunTime:0.000210s ]
NOTIC: [8] Use of undefined constant category - assumed 'category' F:\TestWeb\BlogCodes\Application\Runtime\Cache\Admin\5e2295455fba630ea941c5e968a52cbc.php 第 86 行.
NOTIC: [8] Use of undefined constant category - assumed 'category' F:\TestWeb\BlogCodes\Application\Runtime\Cache\Admin\5e2295455fba630ea941c5e968a52cbc.php 第 92 行.
NOTIC: [8] Use of undefined constant category - assumed 'category' F:\TestWeb\BlogCodes\Application\Runtime\Cache\Admin\5e2295455fba630ea941c5e968a52cbc.php 第 103 行.
NOTIC: [8] Use of undefined constant category - assumed 'category' F:\TestWeb\BlogCodes\Application\Runtime\Cache\Admin\5e2295455fba630ea941c5e968a52cbc.php 第 113 行.
NOTIC: [8] Use of undefined constant category - assumed 'category' F:\TestWeb\BlogCodes\Application\Runtime\Cache\Admin\5e2295455fba630ea941c5e968a52cbc.php 第 123 行.
INFO: Run Behavior\ParseTemplateBehavior [ RunTime:0.016664s ]
INFO: [ view_parse ] --END-- [ RunTime:0.016792s ]
INFO: [ view_filter ] --START--
INFO: Run Behavior\WriteHtmlCacheBehavior [ RunTime:0.000480s ]
INFO: [ view_filter ] --END-- [ RunTime:0.000590s ]
INFO: [ app_end ] --START--
INFO: Run Behavior\ShowPageTraceBehavior [ RunTime:0.001131s ]
INFO: [ app_end ] --END-- [ RunTime:0.001327s ]

[ 2015-09-26T17:40:04+08:00 ] 127.0.0.1 /Admin/Category/addCategory.html
INFO: [ app_init ] --START--
INFO: Run Behavior\BuildLiteBehavior [ RunTime:0.000042s ]
INFO: [ app_init ] --END-- [ RunTime:0.000609s ]
INFO: [ app_begin ] --START--
INFO: Run Behavior\ReadHtmlCacheBehavior [ RunTime:0.000888s ]
INFO: [ app_begin ] --END-- [ RunTime:0.001051s ]
SQL: SHOW COLUMNS FROM `blog_category` [ RunTime:0.0038s ]
SQL: SELECT * FROM `blog_category` ORDER BY orders ASC  [ RunTime:0.0003s ]
INFO: [ view_parse ] --START--
INFO: [ template_filter ] --START--
INFO: Run Behavior\ContentReplaceBehavior [ RunTime:0.000059s ]
INFO: [ template_filter ] --END-- [ RunTime:0.000154s ]
INFO: Run Behavior\ParseTemplateBehavior [ RunTime:0.007875s ]
INFO: [ view_parse ] --END-- [ RunTime:0.007987s ]
INFO: [ view_filter ] --START--
INFO: Run Behavior\WriteHtmlCacheBehavior [ RunTime:0.000450s ]
INFO: [ view_filter ] --END-- [ RunTime:0.000538s ]
INFO: [ app_end ] --START--
INFO: Run Behavior\ShowPageTraceBehavior [ RunTime:0.000578s ]
INFO: [ app_end ] --END-- [ RunTime:0.000668s ]

[ 2015-09-26T17:40:09+08:00 ] 127.0.0.1 /Admin/Category/addCategory.html
INFO: [ app_init ] --START--
INFO: Run Behavior\BuildLiteBehavior [ RunTime:0.000046s ]
INFO: [ app_init ] --END-- [ RunTime:0.000543s ]
INFO: [ app_begin ] --START--
INFO: Run Behavior\ReadHtmlCacheBehavior [ RunTime:0.000577s ]
INFO: [ app_begin ] --END-- [ RunTime:0.000675s ]
SQL: SHOW COLUMNS FROM `blog_category` [ RunTime:0.0049s ]
SQL: SELECT * FROM `blog_category` ORDER BY orders ASC  [ RunTime:0.0003s ]
INFO: [ view_parse ] --START--
INFO: [ template_filter ] --START--
INFO: Run Behavior\ContentReplaceBehavior [ RunTime:0.000057s ]
INFO: [ template_filter ] --END-- [ RunTime:0.000151s ]
INFO: Run Behavior\ParseTemplateBehavior [ RunTime:0.007068s ]
INFO: [ view_parse ] --END-- [ RunTime:0.007179s ]
INFO: [ view_filter ] --START--
INFO: Run Behavior\WriteHtmlCacheBehavior [ RunTime:0.000502s ]
INFO: [ view_filter ] --END-- [ RunTime:0.000595s ]
INFO: [ app_end ] --START--
INFO: Run Behavior\ShowPageTraceBehavior [ RunTime:0.000586s ]
INFO: [ app_end ] --END-- [ RunTime:0.000679s ]

[ 2015-09-26T17:40:25+08:00 ] 127.0.0.1 /Admin/Category/doAdd.html
INFO: [ app_init ] --START--
INFO: Run Behavior\BuildLiteBehavior [ RunTime:0.000032s ]
INFO: [ app_init ] --END-- [ RunTime:0.001103s ]
INFO: [ app_begin ] --START--
INFO: Run Behavior\ReadHtmlCacheBehavior [ RunTime:0.000564s ]
INFO: [ app_begin ] --END-- [ RunTime:0.000659s ]
SQL: SHOW COLUMNS FROM `blog_category` [ RunTime:0.0044s ]
SQL: SELECT * FROM `blog_category` ORDER BY orders ASC  [ RunTime:0.0003s ]
NOTIC: [2] Missing argument 1 for I(), called in F:\TestWeb\BlogCodes\Application\Admin\Controller\CategoryController.class.php on line 43 and defined F:\TestWeb\BlogCodes\ThinkPHP\Common\functions.php 第 271 行.
NOTIC: [8] Undefined variable: name F:\TestWeb\BlogCodes\ThinkPHP\Common\functions.php 第 273 行.
NOTIC: [8] Undefined variable: name F:\TestWeb\BlogCodes\ThinkPHP\Common\functions.php 第 278 行.
NOTIC: [8] Undefined variable: name F:\TestWeb\BlogCodes\ThinkPHP\Common\functions.php 第 339 行.
SQL: INSERT INTO `blog_category` (`pid`,`catename`,`orders`) VALUES ('0','个人作品','0') [ RunTime:0.0030s ]
NOTIC: [8] Use of undefined constant res - assumed 'res' F:\TestWeb\BlogCodes\Application\Admin\Controller\CategoryController.class.php 第 49 行.

[ 2015-09-26T17:40:25+08:00 ] 127.0.0.1 /Admin/Category/listCategory.html
INFO: [ app_init ] --START--
INFO: Run Behavior\BuildLiteBehavior [ RunTime:0.000024s ]
INFO: [ app_init ] --END-- [ RunTime:0.000415s ]
INFO: [ app_begin ] --START--
INFO: Run Behavior\ReadHtmlCacheBehavior [ RunTime:0.000565s ]
INFO: [ app_begin ] --END-- [ RunTime:0.000676s ]
SQL: SHOW COLUMNS FROM `blog_category` [ RunTime:0.0036s ]
SQL: SELECT * FROM `blog_category` ORDER BY orders ASC  [ RunTime:0.0003s ]
NOTIC: [8] Undefined offset: 58 F:\TestWeb\BlogCodes\Application\Common\Service\Category.class.php 第 48 行.
INFO: [ view_parse ] --START--
INFO: [ template_filter ] --START--
INFO: Run Behavior\ContentReplaceBehavior [ RunTime:0.000083s ]
INFO: [ template_filter ] --END-- [ RunTime:0.000193s ]
NOTIC: [8] Use of undefined constant category - assumed 'category' F:\TestWeb\BlogCodes\Application\Runtime\Cache\Admin\5e2295455fba630ea941c5e968a52cbc.php 第 86 行.
NOTIC: [8] Use of undefined constant category - assumed 'category' F:\TestWeb\BlogCodes\Application\Runtime\Cache\Admin\5e2295455fba630ea941c5e968a52cbc.php 第 92 行.
NOTIC: [8] Use of undefined constant category - assumed 'category' F:\TestWeb\BlogCodes\Application\Runtime\Cache\Admin\5e2295455fba630ea941c5e968a52cbc.php 第 103 行.
NOTIC: [8] Use of undefined constant category - assumed 'category' F:\TestWeb\BlogCodes\Application\Runtime\Cache\Admin\5e2295455fba630ea941c5e968a52cbc.php 第 113 行.
NOTIC: [8] Use of undefined constant category - assumed 'category' F:\TestWeb\BlogCodes\Application\Runtime\Cache\Admin\5e2295455fba630ea941c5e968a52cbc.php 第 123 行.
NOTIC: [2] Invalid argument supplied for foreach() F:\TestWeb\BlogCodes\Application\Runtime\Cache\Admin\5e2295455fba630ea941c5e968a52cbc.php 第 172 行.
INFO: Run Behavior\ParseTemplateBehavior [ RunTime:0.016006s ]
INFO: [ view_parse ] --END-- [ RunTime:0.016122s ]
INFO: [ view_filter ] --START--
INFO: Run Behavior\WriteHtmlCacheBehavior [ RunTime:0.000437s ]
INFO: [ view_filter ] --END-- [ RunTime:0.000541s ]
INFO: [ app_end ] --START--
INFO: Run Behavior\ShowPageTraceBehavior [ RunTime:0.002977s ]
INFO: [ app_end ] --END-- [ RunTime:0.003157s ]

[ 2015-09-26T17:40:27+08:00 ] 127.0.0.1 /Admin/Category/addCategory.html
INFO: [ app_init ] --START--
INFO: Run Behavior\BuildLiteBehavior [ RunTime:0.000024s ]
INFO: [ app_init ] --END-- [ RunTime:0.000441s ]
INFO: [ app_begin ] --START--
INFO: Run Behavior\ReadHtmlCacheBehavior [ RunTime:0.000562s ]
INFO: [ app_begin ] --END-- [ RunTime:0.000655s ]
SQL: SHOW COLUMNS FROM `blog_category` [ RunTime:0.0035s ]
SQL: SELECT * FROM `blog_category` ORDER BY orders ASC  [ RunTime:0.0003s ]
NOTIC: [8] Undefined offset: 58 F:\TestWeb\BlogCodes\Application\Common\Service\Category.class.php 第 48 行.
INFO: [ view_parse ] --START--
INFO: [ template_filter ] --START--
INFO: Run Behavior\ContentReplaceBehavior [ RunTime:0.000057s ]
INFO: [ template_filter ] --END-- [ RunTime:0.000148s ]
NOTIC: [2] Invalid argument supplied for foreach() F:\TestWeb\BlogCodes\Application\Runtime\Cache\Admin\bc271138cb8bff37682fb8bce90cc724.php 第 16 行.
INFO: Run Behavior\ParseTemplateBehavior [ RunTime:0.006743s ]
INFO: [ view_parse ] --END-- [ RunTime:0.006841s ]
INFO: [ view_filter ] --START--
INFO: Run Behavior\WriteHtmlCacheBehavior [ RunTime:0.000474s ]
INFO: [ view_filter ] --END-- [ RunTime:0.000588s ]
INFO: [ app_end ] --START--
INFO: Run Behavior\ShowPageTraceBehavior [ RunTime:0.001054s ]
INFO: [ app_end ] --END-- [ RunTime:0.001230s ]

[ 2015-09-26T17:40:41+08:00 ] 127.0.0.1 /Admin/Category/doAdd.html
INFO: [ app_init ] --START--
INFO: Run Behavior\BuildLiteBehavior [ RunTime:0.000023s ]
INFO: [ app_init ] --END-- [ RunTime:0.000460s ]
INFO: [ app_begin ] --START--
INFO: Run Behavior\ReadHtmlCacheBehavior [ RunTime:0.000591s ]
INFO: [ app_begin ] --END-- [ RunTime:0.000697s ]
SQL: SHOW COLUMNS FROM `blog_category` [ RunTime:0.0042s ]
SQL: SELECT * FROM `blog_category` ORDER BY orders ASC  [ RunTime:0.0003s ]
NOTIC: [8] Undefined offset: 58 F:\TestWeb\BlogCodes\Application\Common\Service\Category.class.php 第 48 行.
NOTIC: [2] Missing argument 1 for I(), called in F:\TestWeb\BlogCodes\Application\Admin\Controller\CategoryController.class.php on line 43 and defined F:\TestWeb\BlogCodes\ThinkPHP\Common\functions.php 第 271 行.
NOTIC: [8] Undefined variable: name F:\TestWeb\BlogCodes\ThinkPHP\Common\functions.php 第 273 行.
NOTIC: [8] Undefined variable: name F:\TestWeb\BlogCodes\ThinkPHP\Common\functions.php 第 278 行.
NOTIC: [8] Undefined variable: name F:\TestWeb\BlogCodes\ThinkPHP\Common\functions.php 第 339 行.
SQL: INSERT INTO `blog_category` (`pid`,`catename`,`orders`) VALUES ('0','业界','0') [ RunTime:0.0029s ]
NOTIC: [8] Use of undefined constant res - assumed 'res' F:\TestWeb\BlogCodes\Application\Admin\Controller\CategoryController.class.php 第 49 行.

[ 2015-09-26T17:40:41+08:00 ] 127.0.0.1 /Admin/Category/listCategory.html
INFO: [ app_init ] --START--
INFO: Run Behavior\BuildLiteBehavior [ RunTime:0.000026s ]
INFO: [ app_init ] --END-- [ RunTime:0.000464s ]
INFO: [ app_begin ] --START--
INFO: Run Behavior\ReadHtmlCacheBehavior [ RunTime:0.000643s ]
INFO: [ app_begin ] --END-- [ RunTime:0.000806s ]
SQL: SHOW COLUMNS FROM `blog_category` [ RunTime:0.0038s ]
SQL: SELECT * FROM `blog_category` ORDER BY orders ASC  [ RunTime:0.0003s ]
NOTIC: [8] Undefined offset: 58 F:\TestWeb\BlogCodes\Application\Common\Service\Category.class.php 第 48 行.
NOTIC: [8] Undefined offset: 59 F:\TestWeb\BlogCodes\Application\Common\Service\Category.class.php 第 48 行.
INFO: [ view_parse ] --START--
INFO: [ template_filter ] --START--
INFO: Run Behavior\ContentReplaceBehavior [ RunTime:0.000085s ]
INFO: [ template_filter ] --END-- [ RunTime:0.000202s ]
NOTIC: [8] Use of undefined constant category - assumed 'category' F:\TestWeb\BlogCodes\Application\Runtime\Cache\Admin\5e2295455fba630ea941c5e968a52cbc.php 第 86 行.
NOTIC: [8] Use of undefined constant category - assumed 'category' F:\TestWeb\BlogCodes\Application\Runtime\Cache\Admin\5e2295455fba630ea941c5e968a52cbc.php 第 92 行.
NOTIC: [8] Use of undefined constant category - assumed 'category' F:\TestWeb\BlogCodes\Application\Runtime\Cache\Admin\5e2295455fba630ea941c5e968a52cbc.php 第 103 行.
NOTIC: [8] Use of undefined constant category - assumed 'category' F:\TestWeb\BlogCodes\Application\Runtime\Cache\Admin\5e2295455fba630ea941c5e968a52cbc.php 第 113 行.
NOTIC: [8] Use of undefined constant category - assumed 'category' F:\TestWeb\BlogCodes\Application\Runtime\Cache\Admin\5e2295455fba630ea941c5e968a52cbc.php 第 123 行.
NOTIC: [2] Invalid argument supplied for foreach() F:\TestWeb\BlogCodes\Application\Runtime\Cache\Admin\5e2295455fba630ea941c5e968a52cbc.php 第 172 行.
NOTIC: [2] Invalid argument supplied for foreach() F:\TestWeb\BlogCodes\Application\Runtime\Cache\Admin\5e2295455fba630ea941c5e968a52cbc.php 第 172 行.
INFO: Run Behavior\ParseTemplateBehavior [ RunTime:0.016905s ]
INFO: [ view_parse ] --END-- [ RunTime:0.017028s ]
INFO: [ view_filter ] --START--
INFO: Run Behavior\WriteHtmlCacheBehavior [ RunTime:0.000812s ]
INFO: [ view_filter ] --END-- [ RunTime:0.000970s ]
INFO: [ app_end ] --START--
INFO: Run Behavior\ShowPageTraceBehavior [ RunTime:0.000780s ]
INFO: [ app_end ] --END-- [ RunTime:0.000907s ]

[ 2015-09-26T17:40:45+08:00 ] 127.0.0.1 /Admin/Category/delCate/id/59.html
INFO: [ app_init ] --START--
INFO: Run Behavior\BuildLiteBehavior [ RunTime:0.000025s ]
INFO: [ app_init ] --END-- [ RunTime:0.000423s ]
INFO: [ app_begin ] --START--
INFO: Run Behavior\ReadHtmlCacheBehavior [ RunTime:0.000578s ]
INFO: [ app_begin ] --END-- [ RunTime:0.000675s ]
SQL: SHOW COLUMNS FROM `blog_category` [ RunTime:0.0044s ]
SQL: SELECT * FROM `blog_category` ORDER BY orders ASC  [ RunTime:0.0003s ]
NOTIC: [8] Undefined offset: 58 F:\TestWeb\BlogCodes\Application\Common\Service\Category.class.php 第 48 行.
NOTIC: [8] Undefined offset: 59 F:\TestWeb\BlogCodes\Application\Common\Service\Category.class.php 第 48 行.
SQL: SELECT * FROM `blog_category` WHERE `id` = 59 LIMIT 1   [ RunTime:0.0003s ]
SQL: DELETE FROM `blog_category` WHERE `pid` = 59 [ RunTime:0.0002s ]
SQL: DELETE FROM `blog_category` WHERE `id` = 59 [ RunTime:0.0033s ]

[ 2015-09-26T17:40:45+08:00 ] 127.0.0.1 /Admin/Category/listCategory.html
INFO: [ app_init ] --START--
INFO: Run Behavior\BuildLiteBehavior [ RunTime:0.000024s ]
INFO: [ app_init ] --END-- [ RunTime:0.000456s ]
INFO: [ app_begin ] --START--
INFO: Run Behavior\ReadHtmlCacheBehavior [ RunTime:0.000647s ]
INFO: [ app_begin ] --END-- [ RunTime:0.000758s ]
SQL: SHOW COLUMNS FROM `blog_category` [ RunTime:0.0041s ]
SQL: SELECT * FROM `blog_category` ORDER BY orders ASC  [ RunTime:0.0003s ]
NOTIC: [8] Undefined offset: 58 F:\TestWeb\BlogCodes\Application\Common\Service\Category.class.php 第 48 行.
INFO: [ view_parse ] --START--
INFO: [ template_filter ] --START--
INFO: Run Behavior\ContentReplaceBehavior [ RunTime:0.000097s ]
INFO: [ template_filter ] --END-- [ RunTime:0.000224s ]
NOTIC: [8] Use of undefined constant category - assumed 'category' F:\TestWeb\BlogCodes\Application\Runtime\Cache\Admin\5e2295455fba630ea941c5e968a52cbc.php 第 86 行.
NOTIC: [8] Use of undefined constant category - assumed 'category' F:\TestWeb\BlogCodes\Application\Runtime\Cache\Admin\5e2295455fba630ea941c5e968a52cbc.php 第 92 行.
NOTIC: [8] Use of undefined constant category - assumed 'category' F:\TestWeb\BlogCodes\Application\Runtime\Cache\Admin\5e2295455fba630ea941c5e968a52cbc.php 第 103 行.
NOTIC: [8] Use of undefined constant category - assumed 'category' F:\TestWeb\BlogCodes\Application\Runtime\Cache\Admin\5e2295455fba630ea941c5e968a52cbc.php 第 113 行.
NOTIC: [8] Use of undefined constant category - assumed 'category' F:\TestWeb\BlogCodes\Application\Runtime\Cache\Admin\5e2295455fba630ea941c5e968a52cbc.php 第 123 行.
NOTIC: [2] Invalid argument supplied for foreach() F:\TestWeb\BlogCodes\Application\Runtime\Cache\Admin\5e2295455fba630ea941c5e968a52cbc.php 第 172 行.
INFO: Run Behavior\ParseTemplateBehavior [ RunTime:0.019137s ]
INFO: [ view_parse ] --END-- [ RunTime:0.019268s ]
INFO: [ view_filter ] --START--
INFO: Run Behavior\WriteHtmlCacheBehavior [ RunTime:0.000521s ]
INFO: [ view_filter ] --END-- [ RunTime:0.000621s ]
INFO: [ app_end ] --START--
INFO: Run Behavior\ShowPageTraceBehavior [ RunTime:0.000762s ]
INFO: [ app_end ] --END-- [ RunTime:0.000880s ]

[ 2015-09-26T17:40:47+08:00 ] 127.0.0.1 /Admin/Category/addCategory.html
INFO: [ app_init ] --START--
INFO: Run Behavior\BuildLiteBehavior [ RunTime:0.000024s ]
INFO: [ app_init ] --END-- [ RunTime:0.000434s ]
INFO: [ app_begin ] --START--
INFO: Run Behavior\ReadHtmlCacheBehavior [ RunTime:0.000576s ]
INFO: [ app_begin ] --END-- [ RunTime:0.000719s ]
SQL: SHOW COLUMNS FROM `blog_category` [ RunTime:0.0035s ]
SQL: SELECT * FROM `blog_category` ORDER BY orders ASC  [ RunTime:0.0003s ]
NOTIC: [8] Undefined offset: 58 F:\TestWeb\BlogCodes\Application\Common\Service\Category.class.php 第 48 行.
INFO: [ view_parse ] --START--
INFO: [ template_filter ] --START--
INFO: Run Behavior\ContentReplaceBehavior [ RunTime:0.000059s ]
INFO: [ template_filter ] --END-- [ RunTime:0.000152s ]
NOTIC: [2] Invalid argument supplied for foreach() F:\TestWeb\BlogCodes\Application\Runtime\Cache\Admin\bc271138cb8bff37682fb8bce90cc724.php 第 16 行.
INFO: Run Behavior\ParseTemplateBehavior [ RunTime:0.007257s ]
INFO: [ view_parse ] --END-- [ RunTime:0.007353s ]
INFO: [ view_filter ] --START--
INFO: Run Behavior\WriteHtmlCacheBehavior [ RunTime:0.000439s ]
INFO: [ view_filter ] --END-- [ RunTime:0.000531s ]
INFO: [ app_end ] --START--
INFO: Run Behavior\ShowPageTraceBehavior [ RunTime:0.000552s ]
INFO: [ app_end ] --END-- [ RunTime:0.000640s ]

[ 2015-09-26T17:40:49+08:00 ] 127.0.0.1 /Admin/Category/editCategory/id/58.html
INFO: [ app_init ] --START--
INFO: Run Behavior\BuildLiteBehavior [ RunTime:0.000025s ]
INFO: [ app_init ] --END-- [ RunTime:0.000420s ]
INFO: [ app_begin ] --START--
INFO: Run Behavior\ReadHtmlCacheBehavior [ RunTime:0.000564s ]
INFO: [ app_begin ] --END-- [ RunTime:0.000657s ]
SQL: SHOW COLUMNS FROM `blog_category` [ RunTime:0.0071s ]
SQL: SELECT * FROM `blog_category` ORDER BY orders ASC  [ RunTime:0.0005s ]
NOTIC: [8] Undefined offset: 58 F:\TestWeb\BlogCodes\Application\Common\Service\Category.class.php 第 48 行.
SQL: SELECT * FROM `blog_category` WHERE `id` = 58 LIMIT 1   [ RunTime:0.0004s ]
INFO: [ view_parse ] --START--
INFO: [ template_filter ] --START--
INFO: Run Behavior\ContentReplaceBehavior [ RunTime:0.000113s ]
INFO: [ template_filter ] --END-- [ RunTime:0.000281s ]
INFO: Run Behavior\ParseTemplateBehavior [ RunTime:0.012034s ]
INFO: [ view_parse ] --END-- [ RunTime:0.012218s ]
INFO: [ view_filter ] --START--
INFO: Run Behavior\WriteHtmlCacheBehavior [ RunTime:0.000782s ]
INFO: [ view_filter ] --END-- [ RunTime:0.000945s ]
INFO: [ app_end ] --START--
INFO: Run Behavior\ShowPageTraceBehavior [ RunTime:0.001081s ]
INFO: [ app_end ] --END-- [ RunTime:0.001252s ]

[ 2015-09-26T17:40:53+08:00 ] 127.0.0.1 /Admin/Category/doUpdate.html
INFO: [ app_init ] --START--
INFO: Run Behavior\BuildLiteBehavior [ RunTime:0.000042s ]
INFO: [ app_init ] --END-- [ RunTime:0.000448s ]
INFO: [ app_begin ] --START--
INFO: Run Behavior\ReadHtmlCacheBehavior [ RunTime:0.000987s ]
INFO: [ app_begin ] --END-- [ RunTime:0.001160s ]
SQL: SHOW COLUMNS FROM `blog_category` [ RunTime:0.0038s ]
SQL: SELECT * FROM `blog_category` ORDER BY orders ASC  [ RunTime:0.0004s ]
NOTIC: [8] Undefined offset: 58 F:\TestWeb\BlogCodes\Application\Common\Service\Category.class.php 第 48 行.
NOTIC: [2] Missing argument 1 for I(), called in F:\TestWeb\BlogCodes\Application\Admin\Controller\CategoryController.class.php on line 61 and defined F:\TestWeb\BlogCodes\ThinkPHP\Common\functions.php 第 271 行.
NOTIC: [8] Undefined variable: name F:\TestWeb\BlogCodes\ThinkPHP\Common\functions.php 第 273 行.
NOTIC: [8] Undefined variable: name F:\TestWeb\BlogCodes\ThinkPHP\Common\functions.php 第 278 行.
NOTIC: [8] Undefined variable: name F:\TestWeb\BlogCodes\ThinkPHP\Common\functions.php 第 339 行.
SQL: UPDATE `blog_category` SET `pid`='0',`catename`='案例',`orders`='0' WHERE `id` = 58 [ RunTime:0.0030s ]

[ 2015-09-26T17:40:53+08:00 ] 127.0.0.1 /Admin/Category/listCategory.html
INFO: [ app_init ] --START--
INFO: Run Behavior\BuildLiteBehavior [ RunTime:0.000040s ]
INFO: [ app_init ] --END-- [ RunTime:0.000555s ]
INFO: [ app_begin ] --START--
INFO: Run Behavior\ReadHtmlCacheBehavior [ RunTime:0.000610s ]
INFO: [ app_begin ] --END-- [ RunTime:0.000724s ]
SQL: SHOW COLUMNS FROM `blog_category` [ RunTime:0.0045s ]
SQL: SELECT * FROM `blog_category` ORDER BY orders ASC  [ RunTime:0.0003s ]
NOTIC: [8] Undefined offset: 58 F:\TestWeb\BlogCodes\Application\Common\Service\Category.class.php 第 48 行.
INFO: [ view_parse ] --START--
INFO: [ template_filter ] --START--
INFO: Run Behavior\ContentReplaceBehavior [ RunTime:0.000136s ]
INFO: [ template_filter ] --END-- [ RunTime:0.000329s ]
NOTIC: [8] Use of undefined constant category - assumed 'category' F:\TestWeb\BlogCodes\Application\Runtime\Cache\Admin\5e2295455fba630ea941c5e968a52cbc.php 第 86 行.
NOTIC: [8] Use of undefined constant category - assumed 'category' F:\TestWeb\BlogCodes\Application\Runtime\Cache\Admin\5e2295455fba630ea941c5e968a52cbc.php 第 92 行.
NOTIC: [8] Use of undefined constant category - assumed 'category' F:\TestWeb\BlogCodes\Application\Runtime\Cache\Admin\5e2295455fba630ea941c5e968a52cbc.php 第 103 行.
NOTIC: [8] Use of undefined constant category - assumed 'category' F:\TestWeb\BlogCodes\Application\Runtime\Cache\Admin\5e2295455fba630ea941c5e968a52cbc.php 第 113 行.
NOTIC: [8] Use of undefined constant category - assumed 'category' F:\TestWeb\BlogCodes\Application\Runtime\Cache\Admin\5e2295455fba630ea941c5e968a52cbc.php 第 123 行.
NOTIC: [2] Invalid argument supplied for foreach() F:\TestWeb\BlogCodes\Application\Runtime\Cache\Admin\5e2295455fba630ea941c5e968a52cbc.php 第 172 行.
INFO: Run Behavior\ParseTemplateBehavior [ RunTime:0.018386s ]
INFO: [ view_parse ] --END-- [ RunTime:0.018502s ]
INFO: [ view_filter ] --START--
INFO: Run Behavior\WriteHtmlCacheBehavior [ RunTime:0.000487s ]
INFO: [ view_filter ] --END-- [ RunTime:0.000589s ]
INFO: [ app_end ] --START--
INFO: Run Behavior\ShowPageTraceBehavior [ RunTime:0.001059s ]
INFO: [ app_end ] --END-- [ RunTime:0.001259s ]

[ 2015-09-26T17:40:55+08:00 ] 127.0.0.1 /Admin/Category/addCategory.html
INFO: [ app_init ] --START--
INFO: Run Behavior\BuildLiteBehavior [ RunTime:0.000024s ]
INFO: [ app_init ] --END-- [ RunTime:0.000417s ]
INFO: [ app_begin ] --START--
INFO: Run Behavior\ReadHtmlCacheBehavior [ RunTime:0.000563s ]
INFO: [ app_begin ] --END-- [ RunTime:0.000654s ]
SQL: SHOW COLUMNS FROM `blog_category` [ RunTime:0.0035s ]
SQL: SELECT * FROM `blog_category` ORDER BY orders ASC  [ RunTime:0.0003s ]
NOTIC: [8] Undefined offset: 58 F:\TestWeb\BlogCodes\Application\Common\Service\Category.class.php 第 48 行.
INFO: [ view_parse ] --START--
INFO: [ template_filter ] --START--
INFO: Run Behavior\ContentReplaceBehavior [ RunTime:0.000058s ]
INFO: [ template_filter ] --END-- [ RunTime:0.000152s ]
NOTIC: [2] Invalid argument supplied for foreach() F:\TestWeb\BlogCodes\Application\Runtime\Cache\Admin\bc271138cb8bff37682fb8bce90cc724.php 第 16 行.
INFO: Run Behavior\ParseTemplateBehavior [ RunTime:0.007989s ]
INFO: [ view_parse ] --END-- [ RunTime:0.008084s ]
INFO: [ view_filter ] --START--
INFO: Run Behavior\WriteHtmlCacheBehavior [ RunTime:0.000426s ]
INFO: [ view_filter ] --END-- [ RunTime:0.000508s ]
INFO: [ app_end ] --START--
INFO: Run Behavior\ShowPageTraceBehavior [ RunTime:0.000552s ]
INFO: [ app_end ] --END-- [ RunTime:0.000638s ]

[ 2015-09-26T17:41:00+08:00 ] 127.0.0.1 /Admin/Category/editCategory/id/58.html
INFO: [ app_init ] --START--
INFO: Run Behavior\BuildLiteBehavior [ RunTime:0.000027s ]
INFO: [ app_init ] --END-- [ RunTime:0.000473s ]
INFO: [ app_begin ] --START--
INFO: Run Behavior\ReadHtmlCacheBehavior [ RunTime:0.001146s ]
INFO: [ app_begin ] --END-- [ RunTime:0.001327s ]
SQL: SHOW COLUMNS FROM `blog_category` [ RunTime:0.0043s ]
SQL: SELECT * FROM `blog_category` ORDER BY orders ASC  [ RunTime:0.0003s ]
NOTIC: [8] Undefined offset: 58 F:\TestWeb\BlogCodes\Application\Common\Service\Category.class.php 第 48 行.
SQL: SELECT * FROM `blog_category` WHERE `id` = 58 LIMIT 1   [ RunTime:0.0014s ]
INFO: [ view_parse ] --START--
INFO: [ template_filter ] --START--
INFO: Run Behavior\ContentReplaceBehavior [ RunTime:0.000072s ]
INFO: [ template_filter ] --END-- [ RunTime:0.000170s ]
INFO: Run Behavior\ParseTemplateBehavior [ RunTime:0.008584s ]
INFO: [ view_parse ] --END-- [ RunTime:0.008729s ]
INFO: [ view_filter ] --START--
INFO: Run Behavior\WriteHtmlCacheBehavior [ RunTime:0.000455s ]
INFO: [ view_filter ] --END-- [ RunTime:0.000574s ]
INFO: [ app_end ] --START--
INFO: Run Behavior\ShowPageTraceBehavior [ RunTime:0.000628s ]
INFO: [ app_end ] --END-- [ RunTime:0.000723s ]

[ 2015-09-26T17:41:04+08:00 ] 127.0.0.1 /Admin/Category/doUpdate.html
INFO: [ app_init ] --START--
INFO: Run Behavior\BuildLiteBehavior [ RunTime:0.000034s ]
INFO: [ app_init ] --END-- [ RunTime:0.000539s ]
INFO: [ app_begin ] --START--
INFO: Run Behavior\ReadHtmlCacheBehavior [ RunTime:0.000744s ]
INFO: [ app_begin ] --END-- [ RunTime:0.000853s ]
SQL: SHOW COLUMNS FROM `blog_category` [ RunTime:0.0041s ]
SQL: SELECT * FROM `blog_category` ORDER BY orders ASC  [ RunTime:0.0003s ]
NOTIC: [8] Undefined offset: 58 F:\TestWeb\BlogCodes\Application\Common\Service\Category.class.php 第 48 行.
NOTIC: [2] Missing argument 1 for I(), called in F:\TestWeb\BlogCodes\Application\Admin\Controller\CategoryController.class.php on line 61 and defined F:\TestWeb\BlogCodes\ThinkPHP\Common\functions.php 第 271 行.
NOTIC: [8] Undefined variable: name F:\TestWeb\BlogCodes\ThinkPHP\Common\functions.php 第 273 行.
NOTIC: [8] Undefined variable: name F:\TestWeb\BlogCodes\ThinkPHP\Common\functions.php 第 278 行.
NOTIC: [8] Undefined variable: name F:\TestWeb\BlogCodes\ThinkPHP\Common\functions.php 第 339 行.
SQL: UPDATE `blog_category` SET `pid`='0',`catename`='实用案例',`orders`='0' WHERE `id` = 58 [ RunTime:0.0030s ]

[ 2015-09-26T17:41:04+08:00 ] 127.0.0.1 /Admin/Category/listCategory.html
INFO: [ app_init ] --START--
INFO: Run Behavior\BuildLiteBehavior [ RunTime:0.000023s ]
INFO: [ app_init ] --END-- [ RunTime:0.000404s ]
INFO: [ app_begin ] --START--
INFO: Run Behavior\ReadHtmlCacheBehavior [ RunTime:0.000557s ]
INFO: [ app_begin ] --END-- [ RunTime:0.000666s ]
SQL: SHOW COLUMNS FROM `blog_category` [ RunTime:0.0036s ]
SQL: SELECT * FROM `blog_category` ORDER BY orders ASC  [ RunTime:0.0003s ]
NOTIC: [8] Undefined offset: 58 F:\TestWeb\BlogCodes\Application\Common\Service\Category.class.php 第 48 行.
INFO: [ view_parse ] --START--
INFO: [ template_filter ] --START--
INFO: Run Behavior\ContentReplaceBehavior [ RunTime:0.000086s ]
INFO: [ template_filter ] --END-- [ RunTime:0.000195s ]
NOTIC: [8] Use of undefined constant category - assumed 'category' F:\TestWeb\BlogCodes\Application\Runtime\Cache\Admin\5e2295455fba630ea941c5e968a52cbc.php 第 86 行.
NOTIC: [8] Use of undefined constant category - assumed 'category' F:\TestWeb\BlogCodes\Application\Runtime\Cache\Admin\5e2295455fba630ea941c5e968a52cbc.php 第 92 行.
NOTIC: [8] Use of undefined constant category - assumed 'category' F:\TestWeb\BlogCodes\Application\Runtime\Cache\Admin\5e2295455fba630ea941c5e968a52cbc.php 第 103 行.
NOTIC: [8] Use of undefined constant category - assumed 'category' F:\TestWeb\BlogCodes\Application\Runtime\Cache\Admin\5e2295455fba630ea941c5e968a52cbc.php 第 113 行.
NOTIC: [8] Use of undefined constant category - assumed 'category' F:\TestWeb\BlogCodes\Application\Runtime\Cache\Admin\5e2295455fba630ea941c5e968a52cbc.php 第 123 行.
NOTIC: [2] Invalid argument supplied for foreach() F:\TestWeb\BlogCodes\Application\Runtime\Cache\Admin\5e2295455fba630ea941c5e968a52cbc.php 第 172 行.
INFO: Run Behavior\ParseTemplateBehavior [ RunTime:0.016119s ]
INFO: [ view_parse ] --END-- [ RunTime:0.016241s ]
INFO: [ view_filter ] --START--
INFO: Run Behavior\WriteHtmlCacheBehavior [ RunTime:0.000505s ]
INFO: [ view_filter ] --END-- [ RunTime:0.000617s ]
INFO: [ app_end ] --START--
INFO: Run Behavior\ShowPageTraceBehavior [ RunTime:0.001055s ]
INFO: [ app_end ] --END-- [ RunTime:0.001215s ]

[ 2015-09-26T17:41:05+08:00 ] 127.0.0.1 /Admin/Category/addCategory.html
INFO: [ app_init ] --START--
INFO: Run Behavior\BuildLiteBehavior [ RunTime:0.000025s ]
INFO: [ app_init ] --END-- [ RunTime:0.000444s ]
INFO: [ app_begin ] --START--
INFO: Run Behavior\ReadHtmlCacheBehavior [ RunTime:0.000601s ]
INFO: [ app_begin ] --END-- [ RunTime:0.000697s ]
SQL: SHOW COLUMNS FROM `blog_category` [ RunTime:0.0038s ]
SQL: SELECT * FROM `blog_category` ORDER BY orders ASC  [ RunTime:0.0003s ]
NOTIC: [8] Undefined offset: 58 F:\TestWeb\BlogCodes\Application\Common\Service\Category.class.php 第 48 行.
INFO: [ view_parse ] --START--
INFO: [ template_filter ] --START--
INFO: Run Behavior\ContentReplaceBehavior [ RunTime:0.000061s ]
INFO: [ template_filter ] --END-- [ RunTime:0.000157s ]
NOTIC: [2] Invalid argument supplied for foreach() F:\TestWeb\BlogCodes\Application\Runtime\Cache\Admin\bc271138cb8bff37682fb8bce90cc724.php 第 16 行.
INFO: Run Behavior\ParseTemplateBehavior [ RunTime:0.007661s ]
INFO: [ view_parse ] --END-- [ RunTime:0.007797s ]
INFO: [ view_filter ] --START--
INFO: Run Behavior\WriteHtmlCacheBehavior [ RunTime:0.001321s ]
INFO: [ view_filter ] --END-- [ RunTime:0.001638s ]
INFO: [ app_end ] --START--
INFO: Run Behavior\ShowPageTraceBehavior [ RunTime:0.001003s ]
INFO: [ app_end ] --END-- [ RunTime:0.001171s ]

[ 2015-09-26T17:48:47+08:00 ] 127.0.0.1 /Admin/Category/addCategory.html
INFO: [ app_init ] --START--
INFO: Run Behavior\BuildLiteBehavior [ RunTime:0.000045s ]
INFO: [ app_init ] --END-- [ RunTime:0.004078s ]
INFO: [ app_begin ] --START--
INFO: Run Behavior\ReadHtmlCacheBehavior [ RunTime:0.000901s ]
INFO: [ app_begin ] --END-- [ RunTime:0.001055s ]
SQL: SHOW COLUMNS FROM `blog_category` [ RunTime:0.0037s ]
SQL: SELECT * FROM `blog_category` ORDER BY orders ASC  [ RunTime:0.0003s ]
NOTIC: [8] Undefined offset: 58 F:\TestWeb\BlogCodes\Application\Common\Service\Category.class.php 第 48 行.
INFO: [ view_parse ] --START--
INFO: [ template_filter ] --START--
INFO: Run Behavior\ContentReplaceBehavior [ RunTime:0.000058s ]
INFO: [ template_filter ] --END-- [ RunTime:0.000151s ]
NOTIC: [2] Invalid argument supplied for foreach() F:\TestWeb\BlogCodes\Application\Runtime\Cache\Admin\bc271138cb8bff37682fb8bce90cc724.php 第 16 行.
INFO: Run Behavior\ParseTemplateBehavior [ RunTime:0.007886s ]
INFO: [ view_parse ] --END-- [ RunTime:0.007983s ]
INFO: [ view_filter ] --START--
INFO: Run Behavior\WriteHtmlCacheBehavior [ RunTime:0.000480s ]
INFO: [ view_filter ] --END-- [ RunTime:0.000578s ]
INFO: [ app_end ] --START--
INFO: Run Behavior\ShowPageTraceBehavior [ RunTime:0.000581s ]
INFO: [ app_end ] --END-- [ RunTime:0.000669s ]

[ 2015-09-26T17:49:14+08:00 ] 127.0.0.1 /Admin/Category/doAdd.html
INFO: [ app_init ] --START--
INFO: Run Behavior\BuildLiteBehavior [ RunTime:0.000024s ]
INFO: [ app_init ] --END-- [ RunTime:0.000438s ]
INFO: [ app_begin ] --START--
INFO: Run Behavior\ReadHtmlCacheBehavior [ RunTime:0.000555s ]
INFO: [ app_begin ] --END-- [ RunTime:0.000648s ]
SQL: SHOW COLUMNS FROM `blog_category` [ RunTime:0.0037s ]
SQL: SELECT * FROM `blog_category` ORDER BY orders ASC  [ RunTime:0.0003s ]
NOTIC: [8] Undefined offset: 58 F:\TestWeb\BlogCodes\Application\Common\Service\Category.class.php 第 48 行.
NOTIC: [2] Missing argument 1 for I(), called in F:\TestWeb\BlogCodes\Application\Admin\Controller\CategoryController.class.php on line 43 and defined F:\TestWeb\BlogCodes\ThinkPHP\Common\functions.php 第 271 行.
NOTIC: [8] Undefined variable: name F:\TestWeb\BlogCodes\ThinkPHP\Common\functions.php 第 273 行.
NOTIC: [8] Undefined variable: name F:\TestWeb\BlogCodes\ThinkPHP\Common\functions.php 第 278 行.
NOTIC: [8] Undefined variable: name F:\TestWeb\BlogCodes\ThinkPHP\Common\functions.php 第 339 行.
SQL: INSERT INTO `blog_category` (`pid`,`catename`,`orders`) VALUES ('58','Js效果','0') [ RunTime:0.0621s ]
NOTIC: [8] Use of undefined constant res - assumed 'res' F:\TestWeb\BlogCodes\Application\Admin\Controller\CategoryController.class.php 第 49 行.

[ 2015-09-26T17:49:14+08:00 ] 127.0.0.1 /Admin/Category/listCategory.html
INFO: [ app_init ] --START--
INFO: Run Behavior\BuildLiteBehavior [ RunTime:0.000026s ]
INFO: [ app_init ] --END-- [ RunTime:0.000445s ]
INFO: [ app_begin ] --START--
INFO: Run Behavior\ReadHtmlCacheBehavior [ RunTime:0.001114s ]
INFO: [ app_begin ] --END-- [ RunTime:0.001368s ]
SQL: SHOW COLUMNS FROM `blog_category` [ RunTime:0.0039s ]
SQL: SELECT * FROM `blog_category` ORDER BY orders ASC  [ RunTime:0.0004s ]
INFO: [ view_parse ] --START--
INFO: [ template_filter ] --START--
INFO: Run Behavior\ContentReplaceBehavior [ RunTime:0.000086s ]
INFO: [ template_filter ] --END-- [ RunTime:0.000200s ]
NOTIC: [8] Use of undefined constant category - assumed 'category' F:\TestWeb\BlogCodes\Application\Runtime\Cache\Admin\5e2295455fba630ea941c5e968a52cbc.php 第 86 行.
NOTIC: [8] Use of undefined constant category - assumed 'category' F:\TestWeb\BlogCodes\Application\Runtime\Cache\Admin\5e2295455fba630ea941c5e968a52cbc.php 第 92 行.
NOTIC: [8] Use of undefined constant category - assumed 'category' F:\TestWeb\BlogCodes\Application\Runtime\Cache\Admin\5e2295455fba630ea941c5e968a52cbc.php 第 103 行.
NOTIC: [8] Use of undefined constant category - assumed 'category' F:\TestWeb\BlogCodes\Application\Runtime\Cache\Admin\5e2295455fba630ea941c5e968a52cbc.php 第 113 行.
NOTIC: [8] Use of undefined constant category - assumed 'category' F:\TestWeb\BlogCodes\Application\Runtime\Cache\Admin\5e2295455fba630ea941c5e968a52cbc.php 第 123 行.
INFO: Run Behavior\ParseTemplateBehavior [ RunTime:0.019317s ]
INFO: [ view_parse ] --END-- [ RunTime:0.019474s ]
INFO: [ view_filter ] --START--
INFO: Run Behavior\WriteHtmlCacheBehavior [ RunTime:0.000530s ]
INFO: [ view_filter ] --END-- [ RunTime:0.000637s ]
INFO: [ app_end ] --START--
INFO: Run Behavior\ShowPageTraceBehavior [ RunTime:0.001258s ]
INFO: [ app_end ] --END-- [ RunTime:0.001538s ]

[ 2015-09-26T17:49:15+08:00 ] 127.0.0.1 /Admin/Category/addCategory.html
INFO: [ app_init ] --START--
INFO: Run Behavior\BuildLiteBehavior [ RunTime:0.000023s ]
INFO: [ app_init ] --END-- [ RunTime:0.000408s ]
INFO: [ app_begin ] --START--
INFO: Run Behavior\ReadHtmlCacheBehavior [ RunTime:0.000561s ]
INFO: [ app_begin ] --END-- [ RunTime:0.000653s ]
SQL: SHOW COLUMNS FROM `blog_category` [ RunTime:0.0036s ]
SQL: SELECT * FROM `blog_category` ORDER BY orders ASC  [ RunTime:0.0003s ]
INFO: [ view_parse ] --START--
INFO: [ template_filter ] --START--
INFO: Run Behavior\ContentReplaceBehavior [ RunTime:0.000060s ]
INFO: [ template_filter ] --END-- [ RunTime:0.000152s ]
INFO: Run Behavior\ParseTemplateBehavior [ RunTime:0.006743s ]
INFO: [ view_parse ] --END-- [ RunTime:0.006844s ]
INFO: [ view_filter ] --START--
INFO: Run Behavior\WriteHtmlCacheBehavior [ RunTime:0.000425s ]
INFO: [ view_filter ] --END-- [ RunTime:0.000509s ]
INFO: [ app_end ] --START--
INFO: Run Behavior\ShowPageTraceBehavior [ RunTime:0.000556s ]
INFO: [ app_end ] --END-- [ RunTime:0.000642s ]

[ 2015-09-26T17:49:25+08:00 ] 127.0.0.1 /Admin/Category/doAdd.html
INFO: [ app_init ] --START--
INFO: Run Behavior\BuildLiteBehavior [ RunTime:0.000024s ]
INFO: [ app_init ] --END-- [ RunTime:0.000421s ]
INFO: [ app_begin ] --START--
INFO: Run Behavior\ReadHtmlCacheBehavior [ RunTime:0.000550s ]
INFO: [ app_begin ] --END-- [ RunTime:0.000645s ]
SQL: SHOW COLUMNS FROM `blog_category` [ RunTime:0.0036s ]
SQL: SELECT * FROM `blog_category` ORDER BY orders ASC  [ RunTime:0.0003s ]
NOTIC: [2] Missing argument 1 for I(), called in F:\TestWeb\BlogCodes\Application\Admin\Controller\CategoryController.class.php on line 43 and defined F:\TestWeb\BlogCodes\ThinkPHP\Common\functions.php 第 271 行.
NOTIC: [8] Undefined variable: name F:\TestWeb\BlogCodes\ThinkPHP\Common\functions.php 第 273 行.
NOTIC: [8] Undefined variable: name F:\TestWeb\BlogCodes\ThinkPHP\Common\functions.php 第 278 行.
NOTIC: [8] Undefined variable: name F:\TestWeb\BlogCodes\ThinkPHP\Common\functions.php 第 339 行.
SQL: INSERT INTO `blog_category` (`pid`,`catename`,`orders`) VALUES ('58','html+css','0') [ RunTime:0.0030s ]
NOTIC: [8] Use of undefined constant res - assumed 'res' F:\TestWeb\BlogCodes\Application\Admin\Controller\CategoryController.class.php 第 49 行.

[ 2015-09-26T17:49:25+08:00 ] 127.0.0.1 /Admin/Category/listCategory.html
INFO: [ app_init ] --START--
INFO: Run Behavior\BuildLiteBehavior [ RunTime:0.000024s ]
INFO: [ app_init ] --END-- [ RunTime:0.000419s ]
INFO: [ app_begin ] --START--
INFO: Run Behavior\ReadHtmlCacheBehavior [ RunTime:0.000565s ]
INFO: [ app_begin ] --END-- [ RunTime:0.000676s ]
SQL: SHOW COLUMNS FROM `blog_category` [ RunTime:0.0037s ]
SQL: SELECT * FROM `blog_category` ORDER BY orders ASC  [ RunTime:0.0003s ]
INFO: [ view_parse ] --START--
INFO: [ template_filter ] --START--
INFO: Run Behavior\ContentReplaceBehavior [ RunTime:0.000128s ]
INFO: [ template_filter ] --END-- [ RunTime:0.000313s ]
NOTIC: [8] Use of undefined constant category - assumed 'category' F:\TestWeb\BlogCodes\Application\Runtime\Cache\Admin\5e2295455fba630ea941c5e968a52cbc.php 第 86 行.
NOTIC: [8] Use of undefined constant category - assumed 'category' F:\TestWeb\BlogCodes\Application\Runtime\Cache\Admin\5e2295455fba630ea941c5e968a52cbc.php 第 92 行.
NOTIC: [8] Use of undefined constant category - assumed 'category' F:\TestWeb\BlogCodes\Application\Runtime\Cache\Admin\5e2295455fba630ea941c5e968a52cbc.php 第 103 行.
NOTIC: [8] Use of undefined constant category - assumed 'category' F:\TestWeb\BlogCodes\Application\Runtime\Cache\Admin\5e2295455fba630ea941c5e968a52cbc.php 第 113 行.
NOTIC: [8] Use of undefined constant category - assumed 'category' F:\TestWeb\BlogCodes\Application\Runtime\Cache\Admin\5e2295455fba630ea941c5e968a52cbc.php 第 123 行.
INFO: Run Behavior\ParseTemplateBehavior [ RunTime:0.019640s ]
INFO: [ view_parse ] --END-- [ RunTime:0.019752s ]
INFO: [ view_filter ] --START--
INFO: Run Behavior\WriteHtmlCacheBehavior [ RunTime:0.000480s ]
INFO: [ view_filter ] --END-- [ RunTime:0.000584s ]
INFO: [ app_end ] --START--
INFO: Run Behavior\ShowPageTraceBehavior [ RunTime:0.001331s ]
INFO: [ app_end ] --END-- [ RunTime:0.001729s ]

